


ARM Macro Assembler    Page 1 


    1 00000000         ;*******************************************************
                       ***********************
    2 00000000         ;
    3 00000000         ;                   INTERRUPT VECTORS   –¥–ª—è uC/OC-II
    4 00000000         ;                     ARM
    5 00000000         ;                   KEIL's uVision3 
    6 00000000         ;            (RealView Microprocessor Developer Kit)
    7 00000000         ;
    8 00000000         ; Filename      : vectors.s
    9 00000000         ;*******************************************************
                       ***********************
   10 00000000         
   11 00000000                 PRESERVE8
   12 00000000                 AREA             VECT, CODE, READONLY ; Name thi
                                                            s block of code - —
                                                            Å–ª–æ–≤–æ AREA –∑–∞
                                                            –¥–∞–µ—Ç –Ω–∞—á–∞–ª
                                                            –æ "—Å–µ–∫—Ü–∏–∏" –
                                                            ∫–æ–¥–∞ 
   13 00000000                 THUMB
   14 00000000         
   15 00000000                 ENTRY
   16 00000000         
   17 00000000         ;*******************************************************
                       ***********************
   18 00000000         ;                                  IMPORTS
   19 00000000         ;*******************************************************
                       ***********************
   20 00000000         
   21 00000000                 IMPORT           OS_CPU_SysTickHandler
   22 00000000                 IMPORT           OS_CPU_PendSVHandler
   23 00000000         
   24 00000000                 IMPORT           BSP_IntHandlerWWDG
   25 00000000                 IMPORT           BSP_IntHandlerPVD
   26 00000000                 IMPORT           BSP_IntHandlerTAMPER
   27 00000000                 IMPORT           BSP_IntHandlerRTC
   28 00000000                 IMPORT           BSP_IntHandlerFLASH
   29 00000000                 IMPORT           BSP_IntHandlerRCC
   30 00000000                 IMPORT           BSP_IntHandlerEXTI0
   31 00000000                 IMPORT           BSP_IntHandlerEXTI1
   32 00000000                 IMPORT           BSP_IntHandlerEXTI2
   33 00000000                 IMPORT           BSP_IntHandlerEXTI3
   34 00000000                 IMPORT           BSP_IntHandlerEXTI4
   35 00000000                 IMPORT           BSP_IntHandlerDMA1_CH1
   36 00000000                 IMPORT           BSP_IntHandlerDMA1_CH2
   37 00000000                 IMPORT           BSP_IntHandlerDMA1_CH3
   38 00000000                 IMPORT           BSP_IntHandlerDMA1_CH4
   39 00000000                 IMPORT           BSP_IntHandlerDMA1_CH5
   40 00000000         
   41 00000000                 IMPORT           BSP_IntHandlerDMA1_CH6
   42 00000000                 IMPORT           BSP_IntHandlerDMA1_CH7
   43 00000000                 IMPORT           BSP_IntHandlerADC1_2
   44 00000000                 IMPORT           BSP_IntHandlerUSB_HP_CAN_TX
   45 00000000                 IMPORT           BSP_IntHandlerUSB_LP_CAN_RX0
   46 00000000                 IMPORT           BSP_IntHandlerCAN_RX1
   47 00000000                 IMPORT           BSP_IntHandlerCAN_SCE
   48 00000000                 IMPORT           BSP_IntHandlerEXTI9_5
   49 00000000                 IMPORT           BSP_IntHandlerTIM1_BRK
   50 00000000                 IMPORT           BSP_IntHandlerTIM1_UP



ARM Macro Assembler    Page 2 


   51 00000000                 IMPORT           BSP_IntHandlerTIM1_TRG_COM
   52 00000000                 IMPORT           BSP_IntHandlerTIM1_CC
   53 00000000                 IMPORT           BSP_IntHandlerTIM2
   54 00000000                 IMPORT           BSP_IntHandlerTIM3
   55 00000000                 IMPORT           BSP_IntHandlerTIM4
   56 00000000                 IMPORT           BSP_IntHandlerI2C1_EV
   57 00000000         
   58 00000000                 IMPORT           BSP_IntHandlerI2C1_ER
   59 00000000                 IMPORT           BSP_IntHandlerI2C2_EV
   60 00000000                 IMPORT           BSP_IntHandlerI2C2_ER
   61 00000000                 IMPORT           BSP_IntHandlerSPI1
   62 00000000                 IMPORT           BSP_IntHandlerSPI2
   63 00000000                 IMPORT           BSP_IntHandlerUSART1
   64 00000000                 IMPORT           BSP_IntHandlerUSART2
   65 00000000                 IMPORT           BSP_IntHandlerUSART3
   66 00000000                 IMPORT           BSP_IntHandlerEXTI15_10
   67 00000000                 IMPORT           BSP_IntHandlerRTCAlarm
   68 00000000                 IMPORT           BSP_IntHandlerUSBWakeUp
   69 00000000         
   70 00000000                 IMPORT           ResetHndlr
   71 00000000                 IMPORT           ||Image$$ARM_LIB_STACK$$ZI$$Lim
it|| 
                                                            ; Import stack limi
                                                            t from scatter-load
                                                            ing file           
                                                               ;
   72 00000000         
   73 00000000         ;*******************************************************
                       ***********************
   74 00000000         ;                                  EXPORTS
   75 00000000         ;*******************************************************
                       ***********************
   76 00000000         
   77 00000000         
   78 00000000         ;*******************************************************
                       ***********************
   79 00000000         ;                                DEFINITIONS
   80 00000000         ;*******************************************************
                       ***********************
   81 00000000         
   82 00000000         
   83 00000000         ;*******************************************************
                       ***********************
   84 00000000         ;  INITIALIZE EXCEPTION VECTORS  
   85 00000000         ; –¢–∞–±–ª–∏—Ü–∞ –≤–µ–∫—Ç–æ—Ä–æ–≤, –≥–¥–µ –æ–Ω–∞ –±—É–¥–
                       µ—Ç —Ä–∞—Å–ø–æ–ª–æ–∂–µ–Ω–∞? - –°—Ç–∞–Ω–¥–∞—Ä—Ç–Ω–æ, —Å –
                       ∞–¥—Ä–µ—Å–∞ 0x0
   86 00000000         ;*******************************************************
                       ***********************
   87 00000000         
   88 00000000         Vectors
   89 00000000 00000000        DCD              ||Image$$ARM_LIB_STACK$$ZI$$Lim
it|| 
                                                            ;  0, SP start valu
                                                            e.                 
                                                                               
                                                                 
   90 00000004 00000000        DCD              ResetHndlr  ;  1, PC start valu
                                                            e.                 



ARM Macro Assembler    Page 3 


                                                                               
                                                                 
   91 00000008 00000000        DCD              App_NMI_ISR ;  2, NMI          
                                                                               
                                                                               
                                                                 
   92 0000000C 00000000        DCD              App_Fault_ISR ;  3, Hard Fault 
                                                                               
                                                                               
                                                                   
   93 00000010 00000000        DCD              App_MemFault_ISR ;  4, Memory M
                                                            anagement          
                                                                               
                                                                     
   94 00000014 00000000        DCD              App_BusFault_ISR ;  5, Bus Faul
                                                            t                  
                                                                               
                                                                      
   95 00000018 00000000        DCD              App_UsageFault_ISR ;  6, Usage 
                                                            Fault              
                                                                               
                                                                        
   96 0000001C 00000000        DCD              0           ;  7, Reserved     
                                                                               
                                                                               
                                                                 
   97 00000020 00000000        DCD              0           ;  8, Reserved     
                                                                               
                                                                               
                                                                 
   98 00000024 00000000        DCD              0           ;  9, Reserved     
                                                                               
                                                                               
                                                                 
   99 00000028 00000000        DCD              0           ; 10, Reserved     
                                                                               
                                                                               
                                                                 
  100 0000002C 00000000        DCD              App_Spurious_ISR ; 11, SVCall  
                                                                               
                                                                               
                                                                      
  101 00000030 00000000        DCD              App_Spurious_ISR ; 12, Debug Mo
                                                            nitor              
                                                                               
                                                                      
  102 00000034 00000000        DCD              App_Spurious_ISR ; 13, Reserved
                                                                               
                                                                               
                                                                      
  103 00000038 00000000        DCD              OS_CPU_PendSVHandler ; 14, Pend
                                                            SV Handler         
                                                                               
                                                                          
  104 0000003C 00000000        DCD              OS_CPU_SysTickHandler ; 15, uC/
                                                            OS-II Tick ISR Hand
                                                            ler
  105 00000040         
  106 00000040 00000000        DCD              BSP_IntHandlerWWDG ; 16, INTISR



ARM Macro Assembler    Page 4 


                                                            [  0]  Window Watch
                                                            dog.               
                                                                
  107 00000044 00000000        DCD              BSP_IntHandlerPVD ; 17, INTISR[
                                                              1]  PVD through E
                                                            XTI Line Detection.
                                                                
  108 00000048 00000000        DCD              BSP_IntHandlerTAMPER ; 18, INTI
                                                            SR[  2]  Tamper Int
                                                            errupt.            
                                                                   
  109 0000004C 00000000        DCD              BSP_IntHandlerRTC ; 19, INTISR[
                                                              3]  RTC Global In
                                                            terrupt.           
                                                                
  110 00000050 00000000        DCD              BSP_IntHandlerFLASH ; 20, INTIS
                                                            R[  4]  FLASH Globa
                                                            l Interrupt.       
                                                                  
  111 00000054 00000000        DCD              BSP_IntHandlerRCC ; 21, INTISR[
                                                              5]  RCC Global In
                                                            terrupt.           
                                                                
  112 00000058 00000000        DCD              BSP_IntHandlerEXTI0 ; 22, INTIS
                                                            R[  6]  EXTI Line0 
                                                            Interrupt.         
                                                                  
  113 0000005C 00000000        DCD              BSP_IntHandlerEXTI1 ; 23, INTIS
                                                            R[  7]  EXTI Line1 
                                                            Interrupt.         
                                                                  
  114 00000060 00000000        DCD              BSP_IntHandlerEXTI2 ; 24, INTIS
                                                            R[  8]  EXTI Line2 
                                                            Interrupt.         
                                                                  
  115 00000064 00000000        DCD              BSP_IntHandlerEXTI3 ; 25, INTIS
                                                            R[  9]  EXTI Line3 
                                                            Interrupt.         
                                                                  
  116 00000068 00000000        DCD              BSP_IntHandlerEXTI4 ; 26, INTIS
                                                            R[ 10]  EXTI Line4 
                                                            Interrupt.         
                                                                  
  117 0000006C 00000000        DCD              BSP_IntHandlerDMA1_CH1 ; 27, IN
                                                            TISR[ 11]  DMA Chan
                                                            nel1 Global Interru
                                                            pt.      
  118 00000070 00000000        DCD              BSP_IntHandlerDMA1_CH2 ; 28, IN
                                                            TISR[ 12]  DMA Chan
                                                            nel2 Global Interru
                                                            pt.      
  119 00000074 00000000        DCD              BSP_IntHandlerDMA1_CH3 ; 29, IN
                                                            TISR[ 13]  DMA Chan
                                                            nel3 Global Interru
                                                            pt.      
  120 00000078 00000000        DCD              BSP_IntHandlerDMA1_CH4 ; 30, IN
                                                            TISR[ 14]  DMA Chan
                                                            nel4 Global Interru
                                                            pt.      



ARM Macro Assembler    Page 5 


  121 0000007C 00000000        DCD              BSP_IntHandlerDMA1_CH5 ; 31, IN
                                                            TISR[ 15]  DMA Chan
                                                            nel5 Global Interru
                                                            pt.      
  122 00000080         
  123 00000080 00000000        DCD              BSP_IntHandlerDMA1_CH6 ; 32, IN
                                                            TISR[ 16]  DMA Chan
                                                            nel6 Global Interru
                                                            pt.      
  124 00000084 00000000        DCD              BSP_IntHandlerDMA1_CH7 ; 33, IN
                                                            TISR[ 17]  DMA Chan
                                                            nel7 Global Interru
                                                            pt.      
  125 00000088 00000000        DCD              BSP_IntHandlerADC1_2 ; 34, INTI
                                                            SR[ 18]  ADC1 & ADC
                                                            2 Global Interrupt.
                                                                   
  126 0000008C 00000000        DCD              BSP_IntHandlerUSB_HP_CAN_TX ; 3
                                                            5, INTISR[ 19]  USB
                                                             High Prio / CAN TX
                                                              Interrupts. 
  127 00000090 00000000        DCD              BSP_IntHandlerUSB_LP_CAN_RX0 ; 
                                                            36, INTISR[ 20]  US
                                                            B Low  Prio / CAN R
                                                            X0 Interrupts. 
  128 00000094 00000000        DCD              BSP_IntHandlerCAN_RX1 ; 37, INT
                                                            ISR[ 21]  CAN RX1 I
                                                            nterrupt.          
                                                                    
  129 00000098 00000000        DCD              BSP_IntHandlerCAN_SCE ; 38, INT
                                                            ISR[ 22]  CAN SCE I
                                                            nterrupt.          
                                                                    
  130 0000009C 00000000        DCD              BSP_IntHandlerEXTI9_5 ; 39, INT
                                                            ISR[ 23]  EXTI Line
                                                            [9:5] Interrupt.   
                                                                    
  131 000000A0 00000000        DCD              BSP_IntHandlerTIM1_BRK ; 40, IN
                                                            TISR[ 24]  TIM1 Bre
                                                            ak  Interrupt.     
                                                                     
  132 000000A4 00000000        DCD              BSP_IntHandlerTIM1_UP ; 41, INT
                                                            ISR[ 25]  TIM1 Upda
                                                            te Interrupt.      
                                                                    
  133 000000A8 00000000        DCD              BSP_IntHandlerTIM1_TRG_COM ; 42
                                                            , INTISR[ 26]  TIM1
                                                             Trig & Commutation
                                                             Interrupts. 
  134 000000AC 00000000        DCD              BSP_IntHandlerTIM1_CC ; 43, INT
                                                            ISR[ 27]  TIM1 Capt
                                                            ure Compare Interru
                                                            pt.     
  135 000000B0 00000000        DCD              BSP_IntHandlerTIM2 ; 44, INTISR
                                                            [ 28]  TIM2 Global 
                                                            Interrupt.         
                                                                 
  136 000000B4 00000000        DCD              BSP_IntHandlerTIM3 ; 45, INTISR
                                                            [ 29]  TIM3 Global 



ARM Macro Assembler    Page 6 


                                                            Interrupt.         
                                                                 
  137 000000B8 00000000        DCD              BSP_IntHandlerTIM4 ; 46, INTISR
                                                            [ 30]  TIM4 Global 
                                                            Interrupt.         
                                                                 
  138 000000BC 00000000        DCD              BSP_IntHandlerI2C1_EV ; 47, INT
                                                            ISR[ 31]  I2C1 Even
                                                            t  Interrupt.      
                                                                    
  139 000000C0         
  140 000000C0 00000000        DCD              BSP_IntHandlerI2C1_ER ; 48, INT
                                                            ISR[ 32]  I2C1 Erro
                                                            r  Interrupt.      
                                                                    
  141 000000C4 00000000        DCD              BSP_IntHandlerI2C2_EV ; 49, INT
                                                            ISR[ 33]  I2C2 Even
                                                            t  Interrupt.      
                                                                    
  142 000000C8 00000000        DCD              BSP_IntHandlerI2C2_ER ; 50, INT
                                                            ISR[ 34]  I2C2 Erro
                                                            r  Interrupt.      
                                                                   
  143 000000CC 00000000        DCD              BSP_IntHandlerSPI1 ; 51, INTISR
                                                            [ 35]  SPI1 Global 
                                                            Interrupt.         
                                                                 
  144 000000D0 00000000        DCD              BSP_IntHandlerSPI2 ; 52, INTISR
                                                            [ 36]  SPI2 Global 
                                                            Interrupt.         
                                                                 
  145 000000D4 00000000        DCD              BSP_IntHandlerUSART1 ; 53, INTI
                                                            SR[ 37]  USART1 Glo
                                                            bal Interrupt.     
                                                                   
  146 000000D8 00000000        DCD              BSP_IntHandlerUSART2 ; 54, INTI
                                                            SR[ 38]  USART2 Glo
                                                            bal Interrupt.     
                                                                   
  147 000000DC 00000000        DCD              BSP_IntHandlerUSART3 ; 55, INTI
                                                            SR[ 39]  USART3 Glo
                                                            bal Interrupt.     
                                                                   
  148 000000E0 00000000        DCD              BSP_IntHandlerEXTI15_10 ; 56, I
                                                            NTISR[ 40]  EXTI Li
                                                            ne [15:10] Interrup
                                                            ts.       
  149 000000E4 00000000        DCD              BSP_IntHandlerRTCAlarm ; 57, IN
                                                            TISR[ 41]  RTC Alar
                                                            m EXT Line Interrup
                                                            t.       
  150 000000E8 00000000        DCD              BSP_IntHandlerUSBWakeUp ; 58, I
                                                            NTISR[ 42]  USB Wak
                                                            eup from Suspend EX
                                                            TI Int.   
  151 000000EC         
  152 000000EC         
  153 000000EC         ;*******************************************************
                       ***********************



ARM Macro Assembler    Page 7 


  154 000000EC         ;                          DEFAULT HANDLERS
  155 000000EC         ;*******************************************************
                       ***********************
  156 000000EC         
  157 000000EC E7FE    App_NMI_ISR
                               B                App_NMI_ISR
  158 000000EE         
  159 000000EE E7FE    App_Fault_ISR
                               B                App_Fault_ISR
  160 000000F0         
  161 000000F0 E7FE    App_MemFault_ISR
                               B                App_MemFault_ISR
  162 000000F2         
  163 000000F2 E7FE    App_BusFault_ISR
                               B                App_BusFault_ISR
  164 000000F4         
  165 000000F4 E7FE    App_UsageFault_ISR
                               B                App_UsageFault_ISR
  166 000000F6         
  167 000000F6 E7FE    App_Spurious_ISR
                               B                App_Spurious_ISR
  168 000000F8         
  169 000000F8         
  170 000000F8                 ALIGN
  171 000000F8                 END
Command Line: --debug --xref --cpu=Cortex-M3 --apcs=interwork --depend=.\obj\ve
ctors.d -o.\obj\vectors.o -IC:\Keil473\ARM\RV31\INC -IC:\Keil473\ARM\CMSIS\Incl
ude -IC:\Keil473\ARM\Inc\ST\STM32F10x --predefine="__EVAL SETA 1" --list=.\obj\
vectors.lst ..\CMSIS\StartUp\vectors.s



ARM Macro Assembler    Page 1 Alphabetic symbol ordering
Relocatable symbols

App_BusFault_ISR 000000F2

Symbol: App_BusFault_ISR
   Definitions
      At line 163 in file ..\CMSIS\StartUp\vectors.s
   Uses
      At line 94 in file ..\CMSIS\StartUp\vectors.s
      At line 163 in file ..\CMSIS\StartUp\vectors.s

App_Fault_ISR 000000EE

Symbol: App_Fault_ISR
   Definitions
      At line 159 in file ..\CMSIS\StartUp\vectors.s
   Uses
      At line 92 in file ..\CMSIS\StartUp\vectors.s
      At line 159 in file ..\CMSIS\StartUp\vectors.s

App_MemFault_ISR 000000F0

Symbol: App_MemFault_ISR
   Definitions
      At line 161 in file ..\CMSIS\StartUp\vectors.s
   Uses
      At line 93 in file ..\CMSIS\StartUp\vectors.s
      At line 161 in file ..\CMSIS\StartUp\vectors.s

App_NMI_ISR 000000EC

Symbol: App_NMI_ISR
   Definitions
      At line 157 in file ..\CMSIS\StartUp\vectors.s
   Uses
      At line 91 in file ..\CMSIS\StartUp\vectors.s
      At line 157 in file ..\CMSIS\StartUp\vectors.s

App_Spurious_ISR 000000F6

Symbol: App_Spurious_ISR
   Definitions
      At line 167 in file ..\CMSIS\StartUp\vectors.s
   Uses
      At line 100 in file ..\CMSIS\StartUp\vectors.s
      At line 101 in file ..\CMSIS\StartUp\vectors.s
      At line 102 in file ..\CMSIS\StartUp\vectors.s
      At line 167 in file ..\CMSIS\StartUp\vectors.s

App_UsageFault_ISR 000000F4

Symbol: App_UsageFault_ISR
   Definitions
      At line 165 in file ..\CMSIS\StartUp\vectors.s
   Uses
      At line 95 in file ..\CMSIS\StartUp\vectors.s
      At line 165 in file ..\CMSIS\StartUp\vectors.s

VECT 00000000

Symbol: VECT



ARM Macro Assembler    Page 2 Alphabetic symbol ordering
Relocatable symbols

   Definitions
      At line 12 in file ..\CMSIS\StartUp\vectors.s
   Uses
      None
Comment: VECT unused
Vectors 00000000

Symbol: Vectors
   Definitions
      At line 88 in file ..\CMSIS\StartUp\vectors.s
   Uses
      None
Comment: Vectors unused
8 symbols



ARM Macro Assembler    Page 1 Alphabetic symbol ordering
External symbols

BSP_IntHandlerADC1_2 00000000

Symbol: BSP_IntHandlerADC1_2
   Definitions
      At line 43 in file ..\CMSIS\StartUp\vectors.s
   Uses
      At line 125 in file ..\CMSIS\StartUp\vectors.s
Comment: BSP_IntHandlerADC1_2 used once
BSP_IntHandlerCAN_RX1 00000000

Symbol: BSP_IntHandlerCAN_RX1
   Definitions
      At line 46 in file ..\CMSIS\StartUp\vectors.s
   Uses
      At line 128 in file ..\CMSIS\StartUp\vectors.s
Comment: BSP_IntHandlerCAN_RX1 used once
BSP_IntHandlerCAN_SCE 00000000

Symbol: BSP_IntHandlerCAN_SCE
   Definitions
      At line 47 in file ..\CMSIS\StartUp\vectors.s
   Uses
      At line 129 in file ..\CMSIS\StartUp\vectors.s
Comment: BSP_IntHandlerCAN_SCE used once
BSP_IntHandlerDMA1_CH1 00000000

Symbol: BSP_IntHandlerDMA1_CH1
   Definitions
      At line 35 in file ..\CMSIS\StartUp\vectors.s
   Uses
      At line 117 in file ..\CMSIS\StartUp\vectors.s
Comment: BSP_IntHandlerDMA1_CH1 used once
BSP_IntHandlerDMA1_CH2 00000000

Symbol: BSP_IntHandlerDMA1_CH2
   Definitions
      At line 36 in file ..\CMSIS\StartUp\vectors.s
   Uses
      At line 118 in file ..\CMSIS\StartUp\vectors.s
Comment: BSP_IntHandlerDMA1_CH2 used once
BSP_IntHandlerDMA1_CH3 00000000

Symbol: BSP_IntHandlerDMA1_CH3
   Definitions
      At line 37 in file ..\CMSIS\StartUp\vectors.s
   Uses
      At line 119 in file ..\CMSIS\StartUp\vectors.s
Comment: BSP_IntHandlerDMA1_CH3 used once
BSP_IntHandlerDMA1_CH4 00000000

Symbol: BSP_IntHandlerDMA1_CH4
   Definitions
      At line 38 in file ..\CMSIS\StartUp\vectors.s
   Uses
      At line 120 in file ..\CMSIS\StartUp\vectors.s
Comment: BSP_IntHandlerDMA1_CH4 used once
BSP_IntHandlerDMA1_CH5 00000000

Symbol: BSP_IntHandlerDMA1_CH5



ARM Macro Assembler    Page 2 Alphabetic symbol ordering
External symbols

   Definitions
      At line 39 in file ..\CMSIS\StartUp\vectors.s
   Uses
      At line 121 in file ..\CMSIS\StartUp\vectors.s
Comment: BSP_IntHandlerDMA1_CH5 used once
BSP_IntHandlerDMA1_CH6 00000000

Symbol: BSP_IntHandlerDMA1_CH6
   Definitions
      At line 41 in file ..\CMSIS\StartUp\vectors.s
   Uses
      At line 123 in file ..\CMSIS\StartUp\vectors.s
Comment: BSP_IntHandlerDMA1_CH6 used once
BSP_IntHandlerDMA1_CH7 00000000

Symbol: BSP_IntHandlerDMA1_CH7
   Definitions
      At line 42 in file ..\CMSIS\StartUp\vectors.s
   Uses
      At line 124 in file ..\CMSIS\StartUp\vectors.s
Comment: BSP_IntHandlerDMA1_CH7 used once
BSP_IntHandlerEXTI0 00000000

Symbol: BSP_IntHandlerEXTI0
   Definitions
      At line 30 in file ..\CMSIS\StartUp\vectors.s
   Uses
      At line 112 in file ..\CMSIS\StartUp\vectors.s
Comment: BSP_IntHandlerEXTI0 used once
BSP_IntHandlerEXTI1 00000000

Symbol: BSP_IntHandlerEXTI1
   Definitions
      At line 31 in file ..\CMSIS\StartUp\vectors.s
   Uses
      At line 113 in file ..\CMSIS\StartUp\vectors.s
Comment: BSP_IntHandlerEXTI1 used once
BSP_IntHandlerEXTI15_10 00000000

Symbol: BSP_IntHandlerEXTI15_10
   Definitions
      At line 66 in file ..\CMSIS\StartUp\vectors.s
   Uses
      At line 148 in file ..\CMSIS\StartUp\vectors.s
Comment: BSP_IntHandlerEXTI15_10 used once
BSP_IntHandlerEXTI2 00000000

Symbol: BSP_IntHandlerEXTI2
   Definitions
      At line 32 in file ..\CMSIS\StartUp\vectors.s
   Uses
      At line 114 in file ..\CMSIS\StartUp\vectors.s
Comment: BSP_IntHandlerEXTI2 used once
BSP_IntHandlerEXTI3 00000000

Symbol: BSP_IntHandlerEXTI3
   Definitions
      At line 33 in file ..\CMSIS\StartUp\vectors.s
   Uses



ARM Macro Assembler    Page 3 Alphabetic symbol ordering
External symbols

      At line 115 in file ..\CMSIS\StartUp\vectors.s
Comment: BSP_IntHandlerEXTI3 used once
BSP_IntHandlerEXTI4 00000000

Symbol: BSP_IntHandlerEXTI4
   Definitions
      At line 34 in file ..\CMSIS\StartUp\vectors.s
   Uses
      At line 116 in file ..\CMSIS\StartUp\vectors.s
Comment: BSP_IntHandlerEXTI4 used once
BSP_IntHandlerEXTI9_5 00000000

Symbol: BSP_IntHandlerEXTI9_5
   Definitions
      At line 48 in file ..\CMSIS\StartUp\vectors.s
   Uses
      At line 130 in file ..\CMSIS\StartUp\vectors.s
Comment: BSP_IntHandlerEXTI9_5 used once
BSP_IntHandlerFLASH 00000000

Symbol: BSP_IntHandlerFLASH
   Definitions
      At line 28 in file ..\CMSIS\StartUp\vectors.s
   Uses
      At line 110 in file ..\CMSIS\StartUp\vectors.s
Comment: BSP_IntHandlerFLASH used once
BSP_IntHandlerI2C1_ER 00000000

Symbol: BSP_IntHandlerI2C1_ER
   Definitions
      At line 58 in file ..\CMSIS\StartUp\vectors.s
   Uses
      At line 140 in file ..\CMSIS\StartUp\vectors.s
Comment: BSP_IntHandlerI2C1_ER used once
BSP_IntHandlerI2C1_EV 00000000

Symbol: BSP_IntHandlerI2C1_EV
   Definitions
      At line 56 in file ..\CMSIS\StartUp\vectors.s
   Uses
      At line 138 in file ..\CMSIS\StartUp\vectors.s
Comment: BSP_IntHandlerI2C1_EV used once
BSP_IntHandlerI2C2_ER 00000000

Symbol: BSP_IntHandlerI2C2_ER
   Definitions
      At line 60 in file ..\CMSIS\StartUp\vectors.s
   Uses
      At line 142 in file ..\CMSIS\StartUp\vectors.s
Comment: BSP_IntHandlerI2C2_ER used once
BSP_IntHandlerI2C2_EV 00000000

Symbol: BSP_IntHandlerI2C2_EV
   Definitions
      At line 59 in file ..\CMSIS\StartUp\vectors.s
   Uses
      At line 141 in file ..\CMSIS\StartUp\vectors.s
Comment: BSP_IntHandlerI2C2_EV used once
BSP_IntHandlerPVD 00000000



ARM Macro Assembler    Page 4 Alphabetic symbol ordering
External symbols


Symbol: BSP_IntHandlerPVD
   Definitions
      At line 25 in file ..\CMSIS\StartUp\vectors.s
   Uses
      At line 107 in file ..\CMSIS\StartUp\vectors.s
Comment: BSP_IntHandlerPVD used once
BSP_IntHandlerRCC 00000000

Symbol: BSP_IntHandlerRCC
   Definitions
      At line 29 in file ..\CMSIS\StartUp\vectors.s
   Uses
      At line 111 in file ..\CMSIS\StartUp\vectors.s
Comment: BSP_IntHandlerRCC used once
BSP_IntHandlerRTC 00000000

Symbol: BSP_IntHandlerRTC
   Definitions
      At line 27 in file ..\CMSIS\StartUp\vectors.s
   Uses
      At line 109 in file ..\CMSIS\StartUp\vectors.s
Comment: BSP_IntHandlerRTC used once
BSP_IntHandlerRTCAlarm 00000000

Symbol: BSP_IntHandlerRTCAlarm
   Definitions
      At line 67 in file ..\CMSIS\StartUp\vectors.s
   Uses
      At line 149 in file ..\CMSIS\StartUp\vectors.s
Comment: BSP_IntHandlerRTCAlarm used once
BSP_IntHandlerSPI1 00000000

Symbol: BSP_IntHandlerSPI1
   Definitions
      At line 61 in file ..\CMSIS\StartUp\vectors.s
   Uses
      At line 143 in file ..\CMSIS\StartUp\vectors.s
Comment: BSP_IntHandlerSPI1 used once
BSP_IntHandlerSPI2 00000000

Symbol: BSP_IntHandlerSPI2
   Definitions
      At line 62 in file ..\CMSIS\StartUp\vectors.s
   Uses
      At line 144 in file ..\CMSIS\StartUp\vectors.s
Comment: BSP_IntHandlerSPI2 used once
BSP_IntHandlerTAMPER 00000000

Symbol: BSP_IntHandlerTAMPER
   Definitions
      At line 26 in file ..\CMSIS\StartUp\vectors.s
   Uses
      At line 108 in file ..\CMSIS\StartUp\vectors.s
Comment: BSP_IntHandlerTAMPER used once
BSP_IntHandlerTIM1_BRK 00000000

Symbol: BSP_IntHandlerTIM1_BRK
   Definitions



ARM Macro Assembler    Page 5 Alphabetic symbol ordering
External symbols

      At line 49 in file ..\CMSIS\StartUp\vectors.s
   Uses
      At line 131 in file ..\CMSIS\StartUp\vectors.s
Comment: BSP_IntHandlerTIM1_BRK used once
BSP_IntHandlerTIM1_CC 00000000

Symbol: BSP_IntHandlerTIM1_CC
   Definitions
      At line 52 in file ..\CMSIS\StartUp\vectors.s
   Uses
      At line 134 in file ..\CMSIS\StartUp\vectors.s
Comment: BSP_IntHandlerTIM1_CC used once
BSP_IntHandlerTIM1_TRG_COM 00000000

Symbol: BSP_IntHandlerTIM1_TRG_COM
   Definitions
      At line 51 in file ..\CMSIS\StartUp\vectors.s
   Uses
      At line 133 in file ..\CMSIS\StartUp\vectors.s
Comment: BSP_IntHandlerTIM1_TRG_COM used once
BSP_IntHandlerTIM1_UP 00000000

Symbol: BSP_IntHandlerTIM1_UP
   Definitions
      At line 50 in file ..\CMSIS\StartUp\vectors.s
   Uses
      At line 132 in file ..\CMSIS\StartUp\vectors.s
Comment: BSP_IntHandlerTIM1_UP used once
BSP_IntHandlerTIM2 00000000

Symbol: BSP_IntHandlerTIM2
   Definitions
      At line 53 in file ..\CMSIS\StartUp\vectors.s
   Uses
      At line 135 in file ..\CMSIS\StartUp\vectors.s
Comment: BSP_IntHandlerTIM2 used once
BSP_IntHandlerTIM3 00000000

Symbol: BSP_IntHandlerTIM3
   Definitions
      At line 54 in file ..\CMSIS\StartUp\vectors.s
   Uses
      At line 136 in file ..\CMSIS\StartUp\vectors.s
Comment: BSP_IntHandlerTIM3 used once
BSP_IntHandlerTIM4 00000000

Symbol: BSP_IntHandlerTIM4
   Definitions
      At line 55 in file ..\CMSIS\StartUp\vectors.s
   Uses
      At line 137 in file ..\CMSIS\StartUp\vectors.s
Comment: BSP_IntHandlerTIM4 used once
BSP_IntHandlerUSART1 00000000

Symbol: BSP_IntHandlerUSART1
   Definitions
      At line 63 in file ..\CMSIS\StartUp\vectors.s
   Uses
      At line 145 in file ..\CMSIS\StartUp\vectors.s



ARM Macro Assembler    Page 6 Alphabetic symbol ordering
External symbols

Comment: BSP_IntHandlerUSART1 used once
BSP_IntHandlerUSART2 00000000

Symbol: BSP_IntHandlerUSART2
   Definitions
      At line 64 in file ..\CMSIS\StartUp\vectors.s
   Uses
      At line 146 in file ..\CMSIS\StartUp\vectors.s
Comment: BSP_IntHandlerUSART2 used once
BSP_IntHandlerUSART3 00000000

Symbol: BSP_IntHandlerUSART3
   Definitions
      At line 65 in file ..\CMSIS\StartUp\vectors.s
   Uses
      At line 147 in file ..\CMSIS\StartUp\vectors.s
Comment: BSP_IntHandlerUSART3 used once
BSP_IntHandlerUSBWakeUp 00000000

Symbol: BSP_IntHandlerUSBWakeUp
   Definitions
      At line 68 in file ..\CMSIS\StartUp\vectors.s
   Uses
      At line 150 in file ..\CMSIS\StartUp\vectors.s
Comment: BSP_IntHandlerUSBWakeUp used once
BSP_IntHandlerUSB_HP_CAN_TX 00000000

Symbol: BSP_IntHandlerUSB_HP_CAN_TX
   Definitions
      At line 44 in file ..\CMSIS\StartUp\vectors.s
   Uses
      At line 126 in file ..\CMSIS\StartUp\vectors.s
Comment: BSP_IntHandlerUSB_HP_CAN_TX used once
BSP_IntHandlerUSB_LP_CAN_RX0 00000000

Symbol: BSP_IntHandlerUSB_LP_CAN_RX0
   Definitions
      At line 45 in file ..\CMSIS\StartUp\vectors.s
   Uses
      At line 127 in file ..\CMSIS\StartUp\vectors.s
Comment: BSP_IntHandlerUSB_LP_CAN_RX0 used once
BSP_IntHandlerWWDG 00000000

Symbol: BSP_IntHandlerWWDG
   Definitions
      At line 24 in file ..\CMSIS\StartUp\vectors.s
   Uses
      At line 106 in file ..\CMSIS\StartUp\vectors.s
Comment: BSP_IntHandlerWWDG used once
OS_CPU_PendSVHandler 00000000

Symbol: OS_CPU_PendSVHandler
   Definitions
      At line 22 in file ..\CMSIS\StartUp\vectors.s
   Uses
      At line 103 in file ..\CMSIS\StartUp\vectors.s
Comment: OS_CPU_PendSVHandler used once
OS_CPU_SysTickHandler 00000000




ARM Macro Assembler    Page 7 Alphabetic symbol ordering
External symbols

Symbol: OS_CPU_SysTickHandler
   Definitions
      At line 21 in file ..\CMSIS\StartUp\vectors.s
   Uses
      At line 104 in file ..\CMSIS\StartUp\vectors.s
Comment: OS_CPU_SysTickHandler used once
ResetHndlr 00000000

Symbol: ResetHndlr
   Definitions
      At line 70 in file ..\CMSIS\StartUp\vectors.s
   Uses
      At line 90 in file ..\CMSIS\StartUp\vectors.s
Comment: ResetHndlr used once
|Image$$ARM_LIB_STACK$$ZI$$Limit| 00000000

Symbol: |Image$$ARM_LIB_STACK$$ZI$$Limit|
   Definitions
      At line 71 in file ..\CMSIS\StartUp\vectors.s
   Uses
      At line 89 in file ..\CMSIS\StartUp\vectors.s
Comment: |Image$$ARM_LIB_STACK$$ZI$$Limit| used once
47 symbols
386 symbols in table
